  ---WORKSHEET 2 LOG---
   96  mkdir worksheet2
   97  cd worksheet2
   98  git init
   99  wget https://raw.githubusercontent.com/khanchandaniashish/CS131/main/Global%20YouTube%20Statistics.csv
  100  vi Global YouTube Statistics.csv
  101  vi globalyoutubestatistics.csv
  102  cat Global YouTube Statistics.csv
  103  vi GlobalYouTubeStatistics.csv
  104  cat GlobalYouTubeStatistics.csv
  105  cd worksheet2
  106  cd Global%20YouTube%20Statistics.csv
  107  vi Global\ YouTube\ Statistics.csv
  108  vi Global\ Youtube\ Statistics.csv
  109  vi Global\ YouTube\ Statistics.csv
  110  grep 'United States' Global\ YouTube\ Statistics.csv
  111  grep "Music" Global\ YouTube\ Statistics.csv
  112  wc 
  113  greo -c "United States" Global\ YouTube\ Statistics.csv
  114  grep -c "United States" Global\ YouTube\ Statistics.csv
  115  grep -c
  116  grep -c Global\ YouTube\ Statistics.csv
  117  wc -1 "United States" Global\ YouTube\ Statistics.csv
  118  wc --help
  119  wc -l
  120  grep -c "United States" Global\ YouTube\ Statistics.csv
  121  grep -l "United States" Global\ YouTube\ Statistics.csv
  122  grep --help
  123  grep -i -c "Music" Global\ YouTube\ Statistics.csv
  124  wc -w "Music" Global\ YouTube\ Statistics.csv
  125  wc -w 'Music' Global\ YouTube\ Statistics.csv
  126  grep -i -c ",Music," Global\ YouTube\ Statistics.csv
  127  touch counts.txt
  128  grep -i -c ",Music," Global\ YouTube\ Statistics.cav >> counts.txt
  129  grep -i -c ",Music," Global\ YouTube\ Statistics.csv >> counts.txt
  130  cat counts.txt
  131  grep -i -c 
  132  grep -i -c ",Music," Global\ YouTube\ Statistics.csv
  133  wc -w
  134  wc -l
  135  wc Global\ YouTube\ Statistics.csv
  136  wc -w grep -i -c ",Music," Global\ YouTube\ Statistics.csv
  137  wc -w grep ",Music" Global\ YouTube\ Statistics.csv
  138  wc --help
  139  grep -i -c ",Music," Global\ YouTube\ Statistics.csv | xargs wc -w
  140  grep -oh ,Music, | xargs wc -w
  141  grep -i ",Music," Global\ YouTube\ Statistics.csv | xargs wc -w
  142  find . -name "Global YouTube Statistics.csv" | xargs grep -oh ,Music, | wc -w
  143  find . -name "Global\ YouTube\ Statistics.csv" | xargs grep -oh ,Music, | wc -w
  144  find . -name Global\ YouTube\ Statistics.csv | xargs grep -oh ,Music, | wc -w
  145  grep -oh ,Music, Global\ YouTube\ Statistics.csv | wc -w
  146  cat counts.txt
  147  grep -oh ,Music, Global\ YouTube\ Statistics.csv | wc -w > counts.txt
  148  cat counts.txt
  149  grep -i -c ",Music," Global\ YouTube\ Statistics.csv >> counts.txt
  150  cat counts.txt
  151  vi counts.txt
  152  cat counts.txt
  153  touch cmds.log
  154  history > cmds.log
