    1  wget www.github.com
    2  git init
    3  touch newfile.txt
    4  ls newfile.txt
    5  1s
    6  ls
    7  git status
    8  git add newfile.txt
    9  git status
   10  git commit -m "This is my first commitgit status!"
   11  git config --global user.email "anas.durrani@sjusd.org"
   12  git config --global user.name "anasf23"
   13  git commit -m "This is my first commitgit config --global user.name "anasf23"!"
   14  git status
   15  git checkout -b my-new-branch
   16  git branch
   17  git remote add origin https://github.com/ankdurrani/testrepo
   18  git push -u origin master
   19  git clone https://github.com/ankdurrani/testrepo.git
   20  git clone [anasf23@sjsu ~]$ git clone
   21  [anasf23@sjsu ~]$ git clone
   22  git clone [anasf23@sjsu ~]$ git clone
   23  git clone git@github.com:ankdurrani/testrepo.git
   24  wget www.github.com
   25  mkdir worksheet1
   26  cd worksheet1
   27  cd ~/ssh && ssh-keygen
   28  cd ~/ ssh && ssh-keygen
   29  cd ssh
   30  cd ~/ssh
   31  mkdir ~/.ssh
   32  cd ~/.ssh && ssh-keygen
   33  cat
   34  cd cs131
   35  cd worksheet1
   36  cd ~/.ssh && ssh-keygen
   37  cat id_rsa.pub
   38  history > cmds.log
   39  cat cmds.log
   40  touch cmds.log
   41  git status
   42  git add cmds.log
   43  git status
   44  git remote add origin git@github.com:ankdurrani/cs131.git
   45  git commit -m "worksheet 1 with commands log"
   46  git push --set-upstream origin master
   47  git remote add origin git@github.com:ankdurrani/cs131.git
   48  git push --set-upstream origin master
   49  cat id_rsa.pubg
   50  cat id_rsa.pub
   51  cd cs131
   52  cd cs131/
   53  cs131 git init
   54  git init cs131
   55  touch newfile.txt
   56  git status
   57  mkdir worksheet1
   58  cd worksheet1
   59  touch sampleFile.txt
   60  history > cmds.log
   61  wget www.github.com
   62  history > cmds.log
